<?xml version="1.0" encoding="UTF-8"?>
<testsuites name="TS001_login" time="27.996" tests="4" failures="1" errors="0">
   <testsuite name="TS001_login" tests="4" failures="1" errors="0" time="27.996" skipped="0" timestamp="30-08-2024T23:05:42" hostname="archikoerniawan - localhost" id="Test Suites/TS001_login">
      <properties>
         <property name="deviceName" value=""/>
         <property name="devicePlatform"/>
         <property name="logFolder" value="/Users/archikoerniawan/Katalon/DOT Test Automation/loginFacebook/Reports/20240830_230541/TS001_login/20240830_230541"/>
         <property name="logFiles" value="/Users/archikoerniawan/Katalon/DOT Test Automation/loginFacebook/Reports/20240830_230541/TS001_login/20240830_230541/execution0.log"/>
         <property name="attachments" value=""/>
         <property name="hostName" value="archikoerniawan - localhost"/>
         <property name="os" value="Mac OS X 64bit"/>
         <property name="katalonVersion" value="9.7.0.223"/>
         <property name="browser" value="Chrome 128.0.0.0"/>
         <property name="hostAddress" value="127.0.0.1"/>
         <property name="sessionId" value="093a5c9baca2bd849f41940d9373a9b8"/>
         <property name="seleniumVersion" value="3.141.59"/>
         <property name="proxyInformation" value="ProxyInformation { proxyOption=NO_PROXY, proxyServerType=HTTP, username=, password=********, proxyServerAddress=, proxyServerPort=0, executionList=&quot;&quot;, isApplyToDesiredCapabilities=true }"/>
         <property name="platform" value="Mac OS X"/>
      </properties>
      <testcase name="Test Cases/TC001_negativeLogin_invalidPassword" time="9.95" classname="Test Cases/TC001_negativeLogin_invalidPassword" status="PASSED">
         <system-out><![CDATA[30-08-2024T23:05:42 - [TEST_CASE][PASSED] - Test Cases/TC001_negativeLogin_invalidPassword: Test Cases/TC001_negativeLogin_invalidPassword

30-08-2024T23:05:43 - [TEST_STEP][PASSED] - openBrowser(""): Browser is opened with url: ''

30-08-2024T23:05:43 - [MESSAGE][INFO] - Starting 'Chrome' driver

30-08-2024T23:05:43 - [MESSAGE][INFO] - User set preference: ['prefs', '{profile.default_content_setting_values.media_stream_mic=1.0, profile.default_content_setting_values.media_stream_camera=1.0, profile.default_content_setting_values.geolocation=1.0, profile.default_content_setting_values.notifications=1.0}']

30-08-2024T23:05:43 - [MESSAGE][INFO] - Action delay is set to 0 milliseconds

30-08-2024T23:05:45 - [MESSAGE][PASSED] - Browser is opened with url: ''

30-08-2024T23:05:45 - [TEST_STEP][PASSED] - maximizeWindow(): Current window maximized

30-08-2024T23:05:45 - [MESSAGE][PASSED] - Current window maximized

30-08-2024T23:05:45 - [TEST_STEP][PASSED] - navigateToUrl("https://www.facebook.com/"): Navigate to 'https://www.facebook.com/' successfully

30-08-2024T23:05:46 - [MESSAGE][PASSED] - Navigate to 'https://www.facebook.com/' successfully

30-08-2024T23:05:46 - [TEST_STEP][PASSED] - setText(findTestObject("Object Repository/login_page/emailOrPhonenumber_editText"), findTestData("user_login").getValue(1, 1)): Text 'archi.testdot@gmail.com' is set on object 'Object Repository/login_page/emailOrPhonenumber_editText'

30-08-2024T23:05:47 - [MESSAGE][PASSED] - Text 'archi.testdot@gmail.com' is set on object 'Object Repository/login_page/emailOrPhonenumber_editText'

30-08-2024T23:05:47 - [TEST_STEP][PASSED] - setText(findTestObject("Object Repository/login_page/password_editText"), findTestData("user_login").getValue(2, 1)): Text '123123' is set on object 'Object Repository/login_page/password_editText'

30-08-2024T23:05:48 - [MESSAGE][PASSED] - Text '123123' is set on object 'Object Repository/login_page/password_editText'

30-08-2024T23:05:48 - [TEST_STEP][PASSED] - click(findTestObject("Object Repository/login_page/login_button")): Object: 'Object Repository/login_page/login_button' is clicked on

30-08-2024T23:05:48 - [MESSAGE][PASSED] - Object: 'Object Repository/login_page/login_button' is clicked on

30-08-2024T23:05:48 - [TEST_STEP][PASSED] - verifyElementText(findTestObject("login_page/errorLoginInvalidPassword_message"), findTestData("user_login").getValue(3, 1)): Actual text and expected text of test object 'Object Repository/login_page/errorLoginInvalidPassword_message' are matched.

30-08-2024T23:05:52 - [MESSAGE][PASSED] - Actual text and expected text of test object 'Object Repository/login_page/errorLoginInvalidPassword_message' are matched.

30-08-2024T23:05:52 - [TEST_STEP][PASSED] - closeBrowser(): Browser is closed

30-08-2024T23:05:52 - [MESSAGE][PASSED] - Browser is closed]]></system-out>
         <system-err><![CDATA[]]></system-err>
      </testcase>
      <testcase name="Test Cases/TC002_negativeLogin_invalidEmail" time="5.203" classname="Test Cases/TC002_negativeLogin_invalidEmail" status="PASSED">
         <system-out><![CDATA[30-08-2024T23:05:52 - [TEST_CASE][PASSED] - Test Cases/TC002_negativeLogin_invalidEmail: Test Cases/TC002_negativeLogin_invalidEmail

30-08-2024T23:05:52 - [TEST_STEP][PASSED] - openBrowser(""): Browser is opened with url: ''

30-08-2024T23:05:52 - [MESSAGE][INFO] - Starting 'Chrome' driver

30-08-2024T23:05:52 - [MESSAGE][INFO] - User set preference: ['prefs', '{profile.default_content_setting_values.media_stream_mic=1.0, profile.default_content_setting_values.media_stream_camera=1.0, profile.default_content_setting_values.geolocation=1.0, profile.default_content_setting_values.notifications=1.0}']

30-08-2024T23:05:52 - [MESSAGE][INFO] - Action delay is set to 0 milliseconds

30-08-2024T23:05:53 - [MESSAGE][PASSED] - Browser is opened with url: ''

30-08-2024T23:05:53 - [TEST_STEP][PASSED] - maximizeWindow(): Current window maximized

30-08-2024T23:05:53 - [MESSAGE][PASSED] - Current window maximized

30-08-2024T23:05:53 - [TEST_STEP][PASSED] - navigateToUrl("https://www.facebook.com/"): Navigate to 'https://www.facebook.com/' successfully

30-08-2024T23:05:54 - [MESSAGE][PASSED] - Navigate to 'https://www.facebook.com/' successfully

30-08-2024T23:05:54 - [TEST_STEP][PASSED] - setText(findTestObject("Object Repository/login_page/emailOrPhonenumber_editText"), findTestData("user_login").getValue(1, 2)): Text 'archi@outlook.com' is set on object 'Object Repository/login_page/emailOrPhonenumber_editText'

30-08-2024T23:05:55 - [MESSAGE][PASSED] - Text 'archi@outlook.com' is set on object 'Object Repository/login_page/emailOrPhonenumber_editText'

30-08-2024T23:05:55 - [TEST_STEP][PASSED] - setText(findTestObject("Object Repository/login_page/password_editText"), findTestData("user_login").getValue(2, 2)): Text 'testlogin123' is set on object 'Object Repository/login_page/password_editText'

30-08-2024T23:05:55 - [MESSAGE][PASSED] - Text 'testlogin123' is set on object 'Object Repository/login_page/password_editText'

30-08-2024T23:05:55 - [TEST_STEP][PASSED] - click(findTestObject("Object Repository/login_page/login_button")): Object: 'Object Repository/login_page/login_button' is clicked on

30-08-2024T23:05:56 - [MESSAGE][PASSED] - Object: 'Object Repository/login_page/login_button' is clicked on

30-08-2024T23:05:56 - [TEST_STEP][PASSED] - verifyElementText(findTestObject("login_page/errorLoginInvalidEmail_message"), findTestData("user_login").getValue(3, 2)): Actual text and expected text of test object 'Object Repository/login_page/errorLoginInvalidEmail_message' are matched.

30-08-2024T23:05:58 - [MESSAGE][PASSED] - Actual text and expected text of test object 'Object Repository/login_page/errorLoginInvalidEmail_message' are matched.

30-08-2024T23:05:58 - [TEST_STEP][PASSED] - closeBrowser(): Browser is closed

30-08-2024T23:05:58 - [MESSAGE][PASSED] - Browser is closed]]></system-out>
         <system-err><![CDATA[]]></system-err>
      </testcase>
      <testcase name="Test Cases/TC003_negativeLogin_emptyField" time="4.9" classname="Test Cases/TC003_negativeLogin_emptyField" status="FAILED">
         <failure type="FAILED" message="Test Cases/TC003_negativeLogin_emptyField FAILED.&#xa;Reason:&#xa;com.kms.katalon.core.exception.StepFailedException: Verify element text of test object 'Object Repository/login_page/errorLoginInvalidEmail_message' FAILED.&#xa;	at com.kms.katalon.core.webui.keyword.internal.WebUIKeywordMain.stepFailed(WebUIKeywordMain.groovy:117)&#xa;	at com.kms.katalon.core.webui.keyword.internal.WebUIKeywordMain.runKeyword(WebUIKeywordMain.groovy:43)&#xa;	at com.kms.katalon.core.webui.keyword.builtin.VerifyElementTextKeyword.verifyElementText(VerifyElementTextKeyword.groovy:72)&#xa;	at com.kms.katalon.core.webui.keyword.builtin.VerifyElementTextKeyword.execute(VerifyElementTextKeyword.groovy:40)&#xa;	at com.kms.katalon.core.keyword.internal.KeywordExecutor.executeKeywordForPlatform(KeywordExecutor.groovy:74)&#xa;	at com.kms.katalon.core.webui.keyword.WebUiBuiltInKeywords.verifyElementText(WebUiBuiltInKeywords.groovy:4835)&#xa;	at TC003_negativeLogin_emptyField.run(TC003_negativeLogin_emptyField:32)&#xa;	at com.kms.katalon.core.main.ScriptEngine.run(ScriptEngine.java:194)&#xa;	at com.kms.katalon.core.main.ScriptEngine.runScriptAsRawText(ScriptEngine.java:119)&#xa;	at com.kms.katalon.core.main.TestCaseExecutor.runScript(TestCaseExecutor.java:448)&#xa;	at com.kms.katalon.core.main.TestCaseExecutor.doExecute(TestCaseExecutor.java:439)&#xa;	at com.kms.katalon.core.main.TestCaseExecutor.processExecutionPhase(TestCaseExecutor.java:418)&#xa;	at com.kms.katalon.core.main.TestCaseExecutor.accessMainPhase(TestCaseExecutor.java:410)&#xa;	at com.kms.katalon.core.main.TestCaseExecutor.execute(TestCaseExecutor.java:285)&#xa;	at com.kms.katalon.core.common.CommonExecutor.accessTestCaseMainPhase(CommonExecutor.java:65)&#xa;	at com.kms.katalon.core.main.TestSuiteExecutor.accessTestSuiteMainPhase(TestSuiteExecutor.java:150)&#xa;	at com.kms.katalon.core.main.TestSuiteExecutor.execute(TestSuiteExecutor.java:106)&#xa;	at com.kms.katalon.core.main.TestCaseMain.startTestSuite(TestCaseMain.java:180)&#xa;	at TempTestSuite1725033941347.run(TempTestSuite1725033941347.groovy:35)&#xa;	at java.base/jdk.internal.reflect.NativeMethodAccessorImpl.invoke0(Native Method)&#xa;	at java.base/jdk.internal.reflect.NativeMethodAccessorImpl.invoke(NativeMethodAccessorImpl.java:77)&#xa;	at java.base/jdk.internal.reflect.DelegatingMethodAccessorImpl.invoke(DelegatingMethodAccessorImpl.java:43)&#xa;Caused by: com.kms.katalon.core.exception.StepFailedException: Actual text 'Find your account and log in.' and expected text '' of test object 'Object Repository/login_page/errorLoginInvalidEmail_message' are NOT matched.&#xa;	at com.kms.katalon.core.webui.keyword.internal.WebUIKeywordMain.stepFailed(WebUIKeywordMain.groovy:117)&#xa;	at com.kms.katalon.core.webui.keyword.builtin.VerifyElementTextKeyword$_verifyElementText_closure1.doCall(VerifyElementTextKeyword.groovy:57)&#xa;	at com.kms.katalon.core.webui.keyword.builtin.VerifyElementTextKeyword$_verifyElementText_closure1.call(VerifyElementTextKeyword.groovy)&#xa;	at com.kms.katalon.core.webui.keyword.internal.WebUIKeywordMain.runKeyword(WebUIKeywordMain.groovy:35)&#xa;	... 20 more&#xa;"/>
         <system-out><![CDATA[30-08-2024T23:05:58 - [TEST_CASE][FAILED] - Test Cases/TC003_negativeLogin_emptyField: Test Cases/TC003_negativeLogin_emptyField FAILED.
Reason:
com.kms.katalon.core.exception.StepFailedException: Verify element text of test object 'Object Repository/login_page/errorLoginInvalidEmail_message' FAILED.
	at com.kms.katalon.core.webui.keyword.internal.WebUIKeywordMain.stepFailed(WebUIKeywordMain.groovy:117)
	at com.kms.katalon.core.webui.keyword.internal.WebUIKeywordMain.runKeyword(WebUIKeywordMain.groovy:43)
	at com.kms.katalon.core.webui.keyword.builtin.VerifyElementTextKeyword.verifyElementText(VerifyElementTextKeyword.groovy:72)
	at com.kms.katalon.core.webui.keyword.builtin.VerifyElementTextKeyword.execute(VerifyElementTextKeyword.groovy:40)
	at com.kms.katalon.core.keyword.internal.KeywordExecutor.executeKeywordForPlatform(KeywordExecutor.groovy:74)
	at com.kms.katalon.core.webui.keyword.WebUiBuiltInKeywords.verifyElementText(WebUiBuiltInKeywords.groovy:4835)
	at TC003_negativeLogin_emptyField.run(TC003_negativeLogin_emptyField:32)
	at com.kms.katalon.core.main.ScriptEngine.run(ScriptEngine.java:194)
	at com.kms.katalon.core.main.ScriptEngine.runScriptAsRawText(ScriptEngine.java:119)
	at com.kms.katalon.core.main.TestCaseExecutor.runScript(TestCaseExecutor.java:448)
	at com.kms.katalon.core.main.TestCaseExecutor.doExecute(TestCaseExecutor.java:439)
	at com.kms.katalon.core.main.TestCaseExecutor.processExecutionPhase(TestCaseExecutor.java:418)
	at com.kms.katalon.core.main.TestCaseExecutor.accessMainPhase(TestCaseExecutor.java:410)
	at com.kms.katalon.core.main.TestCaseExecutor.execute(TestCaseExecutor.java:285)
	at com.kms.katalon.core.common.CommonExecutor.accessTestCaseMainPhase(CommonExecutor.java:65)
	at com.kms.katalon.core.main.TestSuiteExecutor.accessTestSuiteMainPhase(TestSuiteExecutor.java:150)
	at com.kms.katalon.core.main.TestSuiteExecutor.execute(TestSuiteExecutor.java:106)
	at com.kms.katalon.core.main.TestCaseMain.startTestSuite(TestCaseMain.java:180)
	at TempTestSuite1725033941347.run(TempTestSuite1725033941347.groovy:35)
	at java.base/jdk.internal.reflect.NativeMethodAccessorImpl.invoke0(Native Method)
	at java.base/jdk.internal.reflect.NativeMethodAccessorImpl.invoke(NativeMethodAccessorImpl.java:77)
	at java.base/jdk.internal.reflect.DelegatingMethodAccessorImpl.invoke(DelegatingMethodAccessorImpl.java:43)
Caused by: com.kms.katalon.core.exception.StepFailedException: Actual text 'Find your account and log in.' and expected text '' of test object 'Object Repository/login_page/errorLoginInvalidEmail_message' are NOT matched.
	at com.kms.katalon.core.webui.keyword.internal.WebUIKeywordMain.stepFailed(WebUIKeywordMain.groovy:117)
	at com.kms.katalon.core.webui.keyword.builtin.VerifyElementTextKeyword$_verifyElementText_closure1.doCall(VerifyElementTextKeyword.groovy:57)
	at com.kms.katalon.core.webui.keyword.builtin.VerifyElementTextKeyword$_verifyElementText_closure1.call(VerifyElementTextKeyword.groovy)
	at com.kms.katalon.core.webui.keyword.internal.WebUIKeywordMain.runKeyword(WebUIKeywordMain.groovy:35)
	... 20 more


30-08-2024T23:05:58 - [TEST_STEP][PASSED] - openBrowser(""): Browser is opened with url: ''

30-08-2024T23:05:58 - [MESSAGE][INFO] - Starting 'Chrome' driver

30-08-2024T23:05:58 - [MESSAGE][INFO] - User set preference: ['prefs', '{profile.default_content_setting_values.media_stream_mic=1.0, profile.default_content_setting_values.media_stream_camera=1.0, profile.default_content_setting_values.geolocation=1.0, profile.default_content_setting_values.notifications=1.0}']

30-08-2024T23:05:58 - [MESSAGE][INFO] - Action delay is set to 0 milliseconds

30-08-2024T23:05:58 - [MESSAGE][PASSED] - Browser is opened with url: ''

30-08-2024T23:05:58 - [TEST_STEP][PASSED] - maximizeWindow(): Current window maximized

30-08-2024T23:05:59 - [MESSAGE][PASSED] - Current window maximized

30-08-2024T23:05:59 - [TEST_STEP][PASSED] - navigateToUrl("https://www.facebook.com/"): Navigate to 'https://www.facebook.com/' successfully

30-08-2024T23:06:00 - [MESSAGE][PASSED] - Navigate to 'https://www.facebook.com/' successfully

30-08-2024T23:06:00 - [TEST_STEP][PASSED] - setText(findTestObject("Object Repository/login_page/emailOrPhonenumber_editText"), findTestData("user_login").getValue(1, 3)): Text '' is set on object 'Object Repository/login_page/emailOrPhonenumber_editText'

30-08-2024T23:06:00 - [MESSAGE][PASSED] - Text '' is set on object 'Object Repository/login_page/emailOrPhonenumber_editText'

30-08-2024T23:06:00 - [TEST_STEP][PASSED] - setText(findTestObject("Object Repository/login_page/password_editText"), findTestData("user_login").getValue(2, 3)): Text '' is set on object 'Object Repository/login_page/password_editText'

30-08-2024T23:06:01 - [MESSAGE][PASSED] - Text '' is set on object 'Object Repository/login_page/password_editText'

30-08-2024T23:06:01 - [TEST_STEP][PASSED] - click(findTestObject("Object Repository/login_page/login_button")): Object: 'Object Repository/login_page/login_button' is clicked on

30-08-2024T23:06:01 - [MESSAGE][PASSED] - Object: 'Object Repository/login_page/login_button' is clicked on

30-08-2024T23:06:01 - [TEST_STEP][FAILED] - verifyElementText(findTestObject("login_page/errorLoginInvalidEmail_message"), findTestData("user_login").getValue(3, 3)): Verify element text of test object 'Object Repository/login_page/errorLoginInvalidEmail_message' FAILED. (Root cause: com.kms.katalon.core.exception.StepFailedException: Verify element text of test object 'Object Repository/login_page/errorLoginInvalidEmail_message' FAILED.
	at com.kms.katalon.core.webui.keyword.internal.WebUIKeywordMain.stepFailed(WebUIKeywordMain.groovy:117)
	at com.kms.katalon.core.webui.keyword.internal.WebUIKeywordMain.runKeyword(WebUIKeywordMain.groovy:43)
	at com.kms.katalon.core.webui.keyword.builtin.VerifyElementTextKeyword.verifyElementText(VerifyElementTextKeyword.groovy:72)
	at com.kms.katalon.core.webui.keyword.builtin.VerifyElementTextKeyword.execute(VerifyElementTextKeyword.groovy:40)
	at com.kms.katalon.core.keyword.internal.KeywordExecutor.executeKeywordForPlatform(KeywordExecutor.groovy:74)
	at com.kms.katalon.core.webui.keyword.WebUiBuiltInKeywords.verifyElementText(WebUiBuiltInKeywords.groovy:4835)
	at TC003_negativeLogin_emptyField.run(TC003_negativeLogin_emptyField:32)
	at com.kms.katalon.core.main.ScriptEngine.run(ScriptEngine.java:194)
	at com.kms.katalon.core.main.ScriptEngine.runScriptAsRawText(ScriptEngine.java:119)
	at com.kms.katalon.core.main.TestCaseExecutor.runScript(TestCaseExecutor.java:448)
	at com.kms.katalon.core.main.TestCaseExecutor.doExecute(TestCaseExecutor.java:439)
	at com.kms.katalon.core.main.TestCaseExecutor.processExecutionPhase(TestCaseExecutor.java:418)
	at com.kms.katalon.core.main.TestCaseExecutor.accessMainPhase(TestCaseExecutor.java:410)
	at com.kms.katalon.core.main.TestCaseExecutor.execute(TestCaseExecutor.java:285)
	at com.kms.katalon.core.common.CommonExecutor.accessTestCaseMainPhase(CommonExecutor.java:65)
	at com.kms.katalon.core.main.TestSuiteExecutor.accessTestSuiteMainPhase(TestSuiteExecutor.java:150)
	at com.kms.katalon.core.main.TestSuiteExecutor.execute(TestSuiteExecutor.java:106)
	at com.kms.katalon.core.main.TestCaseMain.startTestSuite(TestCaseMain.java:180)
	at TempTestSuite1725033941347.run(TempTestSuite1725033941347.groovy:35)
	at java.base/jdk.internal.reflect.NativeMethodAccessorImpl.invoke0(Native Method)
	at java.base/jdk.internal.reflect.NativeMethodAccessorImpl.invoke(NativeMethodAccessorImpl.java:77)
	at java.base/jdk.internal.reflect.DelegatingMethodAccessorImpl.invoke(DelegatingMethodAccessorImpl.java:43)
Caused by: com.kms.katalon.core.exception.StepFailedException: Actual text 'Find your account and log in.' and expected text '' of test object 'Object Repository/login_page/errorLoginInvalidEmail_message' are NOT matched.
	at com.kms.katalon.core.webui.keyword.internal.WebUIKeywordMain.stepFailed(WebUIKeywordMain.groovy:117)
	at com.kms.katalon.core.webui.keyword.builtin.VerifyElementTextKeyword$_verifyElementText_closure1.doCall(VerifyElementTextKeyword.groovy:57)
	at com.kms.katalon.core.webui.keyword.builtin.VerifyElementTextKeyword$_verifyElementText_closure1.call(VerifyElementTextKeyword.groovy)
	at com.kms.katalon.core.webui.keyword.internal.WebUIKeywordMain.runKeyword(WebUIKeywordMain.groovy:35)
	... 20 more
)

30-08-2024T23:06:02 - [MESSAGE][FAILED] - Actual text 'Find your account and log in.' and expected text '' of test object 'Object Repository/login_page/errorLoginInvalidEmail_message' are NOT matched. (Root cause: com.kms.katalon.core.exception.StepFailedException: Actual text 'Find your account and log in.' and expected text '' of test object 'Object Repository/login_page/errorLoginInvalidEmail_message' are NOT matched.
	at com.kms.katalon.core.webui.keyword.internal.WebUIKeywordMain.stepFailed(WebUIKeywordMain.groovy:117)
	at com.kms.katalon.core.webui.keyword.builtin.VerifyElementTextKeyword$_verifyElementText_closure1.doCall(VerifyElementTextKeyword.groovy:57)
	at com.kms.katalon.core.webui.keyword.builtin.VerifyElementTextKeyword$_verifyElementText_closure1.call(VerifyElementTextKeyword.groovy)
	at com.kms.katalon.core.webui.keyword.internal.WebUIKeywordMain.runKeyword(WebUIKeywordMain.groovy:35)
	at com.kms.katalon.core.webui.keyword.builtin.VerifyElementTextKeyword.verifyElementText(VerifyElementTextKeyword.groovy:72)
	at com.kms.katalon.core.webui.keyword.builtin.VerifyElementTextKeyword.execute(VerifyElementTextKeyword.groovy:40)
	at com.kms.katalon.core.keyword.internal.KeywordExecutor.executeKeywordForPlatform(KeywordExecutor.groovy:74)
	at com.kms.katalon.core.webui.keyword.WebUiBuiltInKeywords.verifyElementText(WebUiBuiltInKeywords.groovy:4835)
	at TC003_negativeLogin_emptyField.run(TC003_negativeLogin_emptyField:32)
	at com.kms.katalon.core.main.ScriptEngine.run(ScriptEngine.java:194)
	at com.kms.katalon.core.main.ScriptEngine.runScriptAsRawText(ScriptEngine.java:119)
	at com.kms.katalon.core.main.TestCaseExecutor.runScript(TestCaseExecutor.java:448)
	at com.kms.katalon.core.main.TestCaseExecutor.doExecute(TestCaseExecutor.java:439)
	at com.kms.katalon.core.main.TestCaseExecutor.processExecutionPhase(TestCaseExecutor.java:418)
	at com.kms.katalon.core.main.TestCaseExecutor.accessMainPhase(TestCaseExecutor.java:410)
	at com.kms.katalon.core.main.TestCaseExecutor.execute(TestCaseExecutor.java:285)
	at com.kms.katalon.core.common.CommonExecutor.accessTestCaseMainPhase(CommonExecutor.java:65)
	at com.kms.katalon.core.main.TestSuiteExecutor.accessTestSuiteMainPhase(TestSuiteExecutor.java:150)
	at com.kms.katalon.core.main.TestSuiteExecutor.execute(TestSuiteExecutor.java:106)
	at com.kms.katalon.core.main.TestCaseMain.startTestSuite(TestCaseMain.java:180)
	at TempTestSuite1725033941347.run(TempTestSuite1725033941347.groovy:35)
	at java.base/jdk.internal.reflect.NativeMethodAccessorImpl.invoke0(Native Method)
	at java.base/jdk.internal.reflect.NativeMethodAccessorImpl.invoke(NativeMethodAccessorImpl.java:77)
	at java.base/jdk.internal.reflect.DelegatingMethodAccessorImpl.invoke(DelegatingMethodAccessorImpl.java:43)
)

30-08-2024T23:06:02 - [MESSAGE][FAILED] - Verify element text of test object 'Object Repository/login_page/errorLoginInvalidEmail_message' FAILED. (Root cause: com.kms.katalon.core.exception.StepFailedException: Verify element text of test object 'Object Repository/login_page/errorLoginInvalidEmail_message' FAILED.
	at com.kms.katalon.core.webui.keyword.internal.WebUIKeywordMain.stepFailed(WebUIKeywordMain.groovy:117)
	at com.kms.katalon.core.webui.keyword.internal.WebUIKeywordMain.runKeyword(WebUIKeywordMain.groovy:43)
	at com.kms.katalon.core.webui.keyword.builtin.VerifyElementTextKeyword.verifyElementText(VerifyElementTextKeyword.groovy:72)
	at com.kms.katalon.core.webui.keyword.builtin.VerifyElementTextKeyword.execute(VerifyElementTextKeyword.groovy:40)
	at com.kms.katalon.core.keyword.internal.KeywordExecutor.executeKeywordForPlatform(KeywordExecutor.groovy:74)
	at com.kms.katalon.core.webui.keyword.WebUiBuiltInKeywords.verifyElementText(WebUiBuiltInKeywords.groovy:4835)
	at TC003_negativeLogin_emptyField.run(TC003_negativeLogin_emptyField:32)
	at com.kms.katalon.core.main.ScriptEngine.run(ScriptEngine.java:194)
	at com.kms.katalon.core.main.ScriptEngine.runScriptAsRawText(ScriptEngine.java:119)
	at com.kms.katalon.core.main.TestCaseExecutor.runScript(TestCaseExecutor.java:448)
	at com.kms.katalon.core.main.TestCaseExecutor.doExecute(TestCaseExecutor.java:439)
	at com.kms.katalon.core.main.TestCaseExecutor.processExecutionPhase(TestCaseExecutor.java:418)
	at com.kms.katalon.core.main.TestCaseExecutor.accessMainPhase(TestCaseExecutor.java:410)
	at com.kms.katalon.core.main.TestCaseExecutor.execute(TestCaseExecutor.java:285)
	at com.kms.katalon.core.common.CommonExecutor.accessTestCaseMainPhase(CommonExecutor.java:65)
	at com.kms.katalon.core.main.TestSuiteExecutor.accessTestSuiteMainPhase(TestSuiteExecutor.java:150)
	at com.kms.katalon.core.main.TestSuiteExecutor.execute(TestSuiteExecutor.java:106)
	at com.kms.katalon.core.main.TestCaseMain.startTestSuite(TestCaseMain.java:180)
	at TempTestSuite1725033941347.run(TempTestSuite1725033941347.groovy:35)
	at java.base/jdk.internal.reflect.NativeMethodAccessorImpl.invoke0(Native Method)
	at java.base/jdk.internal.reflect.NativeMethodAccessorImpl.invoke(NativeMethodAccessorImpl.java:77)
	at java.base/jdk.internal.reflect.DelegatingMethodAccessorImpl.invoke(DelegatingMethodAccessorImpl.java:43)
Caused by: com.kms.katalon.core.exception.StepFailedException: Actual text 'Find your account and log in.' and expected text '' of test object 'Object Repository/login_page/errorLoginInvalidEmail_message' are NOT matched.
	at com.kms.katalon.core.webui.keyword.internal.WebUIKeywordMain.stepFailed(WebUIKeywordMain.groovy:117)
	at com.kms.katalon.core.webui.keyword.builtin.VerifyElementTextKeyword$_verifyElementText_closure1.doCall(VerifyElementTextKeyword.groovy:57)
	at com.kms.katalon.core.webui.keyword.builtin.VerifyElementTextKeyword$_verifyElementText_closure1.call(VerifyElementTextKeyword.groovy)
	at com.kms.katalon.core.webui.keyword.internal.WebUIKeywordMain.runKeyword(WebUIKeywordMain.groovy:35)
	... 20 more
)]]></system-out>
         <system-err><![CDATA[30-08-2024T23:05:58 - [TEST_CASE][FAILED] - Test Cases/TC003_negativeLogin_emptyField: Test Cases/TC003_negativeLogin_emptyField FAILED.
Reason:
com.kms.katalon.core.exception.StepFailedException: Verify element text of test object 'Object Repository/login_page/errorLoginInvalidEmail_message' FAILED.
	at com.kms.katalon.core.webui.keyword.internal.WebUIKeywordMain.stepFailed(WebUIKeywordMain.groovy:117)
	at com.kms.katalon.core.webui.keyword.internal.WebUIKeywordMain.runKeyword(WebUIKeywordMain.groovy:43)
	at com.kms.katalon.core.webui.keyword.builtin.VerifyElementTextKeyword.verifyElementText(VerifyElementTextKeyword.groovy:72)
	at com.kms.katalon.core.webui.keyword.builtin.VerifyElementTextKeyword.execute(VerifyElementTextKeyword.groovy:40)
	at com.kms.katalon.core.keyword.internal.KeywordExecutor.executeKeywordForPlatform(KeywordExecutor.groovy:74)
	at com.kms.katalon.core.webui.keyword.WebUiBuiltInKeywords.verifyElementText(WebUiBuiltInKeywords.groovy:4835)
	at TC003_negativeLogin_emptyField.run(TC003_negativeLogin_emptyField:32)
	at com.kms.katalon.core.main.ScriptEngine.run(ScriptEngine.java:194)
	at com.kms.katalon.core.main.ScriptEngine.runScriptAsRawText(ScriptEngine.java:119)
	at com.kms.katalon.core.main.TestCaseExecutor.runScript(TestCaseExecutor.java:448)
	at com.kms.katalon.core.main.TestCaseExecutor.doExecute(TestCaseExecutor.java:439)
	at com.kms.katalon.core.main.TestCaseExecutor.processExecutionPhase(TestCaseExecutor.java:418)
	at com.kms.katalon.core.main.TestCaseExecutor.accessMainPhase(TestCaseExecutor.java:410)
	at com.kms.katalon.core.main.TestCaseExecutor.execute(TestCaseExecutor.java:285)
	at com.kms.katalon.core.common.CommonExecutor.accessTestCaseMainPhase(CommonExecutor.java:65)
	at com.kms.katalon.core.main.TestSuiteExecutor.accessTestSuiteMainPhase(TestSuiteExecutor.java:150)
	at com.kms.katalon.core.main.TestSuiteExecutor.execute(TestSuiteExecutor.java:106)
	at com.kms.katalon.core.main.TestCaseMain.startTestSuite(TestCaseMain.java:180)
	at TempTestSuite1725033941347.run(TempTestSuite1725033941347.groovy:35)
	at java.base/jdk.internal.reflect.NativeMethodAccessorImpl.invoke0(Native Method)
	at java.base/jdk.internal.reflect.NativeMethodAccessorImpl.invoke(NativeMethodAccessorImpl.java:77)
	at java.base/jdk.internal.reflect.DelegatingMethodAccessorImpl.invoke(DelegatingMethodAccessorImpl.java:43)
Caused by: com.kms.katalon.core.exception.StepFailedException: Actual text 'Find your account and log in.' and expected text '' of test object 'Object Repository/login_page/errorLoginInvalidEmail_message' are NOT matched.
	at com.kms.katalon.core.webui.keyword.internal.WebUIKeywordMain.stepFailed(WebUIKeywordMain.groovy:117)
	at com.kms.katalon.core.webui.keyword.builtin.VerifyElementTextKeyword$_verifyElementText_closure1.doCall(VerifyElementTextKeyword.groovy:57)
	at com.kms.katalon.core.webui.keyword.builtin.VerifyElementTextKeyword$_verifyElementText_closure1.call(VerifyElementTextKeyword.groovy)
	at com.kms.katalon.core.webui.keyword.internal.WebUIKeywordMain.runKeyword(WebUIKeywordMain.groovy:35)
	... 20 more]]></system-err>
      </testcase>
      <testcase name="Test Cases/TC004_positiveLoginWithEmail" time="7.878" classname="Test Cases/TC004_positiveLoginWithEmail" status="PASSED">
         <system-out><![CDATA[30-08-2024T23:06:03 - [TEST_CASE][PASSED] - Test Cases/TC004_positiveLoginWithEmail: Test Cases/TC004_positiveLoginWithEmail

30-08-2024T23:06:03 - [TEST_STEP][PASSED] - openBrowser(""): Browser is opened with url: ''

30-08-2024T23:06:03 - [MESSAGE][WARNING] - A browser is already opened. Closing browser and opening a new one

30-08-2024T23:06:03 - [MESSAGE][INFO] - Starting 'Chrome' driver

30-08-2024T23:06:03 - [MESSAGE][INFO] - User set preference: ['prefs', '{profile.default_content_setting_values.media_stream_mic=1.0, profile.default_content_setting_values.media_stream_camera=1.0, profile.default_content_setting_values.geolocation=1.0, profile.default_content_setting_values.notifications=1.0}']

30-08-2024T23:06:03 - [MESSAGE][INFO] - Action delay is set to 0 milliseconds

30-08-2024T23:06:03 - [MESSAGE][PASSED] - Browser is opened with url: ''

30-08-2024T23:06:03 - [TEST_STEP][PASSED] - maximizeWindow(): Current window maximized

30-08-2024T23:06:04 - [MESSAGE][PASSED] - Current window maximized

30-08-2024T23:06:04 - [TEST_STEP][PASSED] - navigateToUrl("https://www.facebook.com/"): Navigate to 'https://www.facebook.com/' successfully

30-08-2024T23:06:05 - [MESSAGE][PASSED] - Navigate to 'https://www.facebook.com/' successfully

30-08-2024T23:06:05 - [TEST_STEP][PASSED] - setText(findTestObject("Object Repository/login_page/emailOrPhonenumber_editText"), findTestData("user_login").getValue(1, 4)): Text 'archi.testdot@gmail.com' is set on object 'Object Repository/login_page/emailOrPhonenumber_editText'

30-08-2024T23:06:05 - [MESSAGE][PASSED] - Text 'archi.testdot@gmail.com' is set on object 'Object Repository/login_page/emailOrPhonenumber_editText'

30-08-2024T23:06:05 - [TEST_STEP][PASSED] - setText(findTestObject("Object Repository/login_page/password_editText"), findTestData("user_login").getValue(2, 4)): Text 'testlogin123' is set on object 'Object Repository/login_page/password_editText'

30-08-2024T23:06:06 - [MESSAGE][PASSED] - Text 'testlogin123' is set on object 'Object Repository/login_page/password_editText'

30-08-2024T23:06:06 - [TEST_STEP][PASSED] - click(findTestObject("Object Repository/login_page/login_button")): Object: 'Object Repository/login_page/login_button' is clicked on

30-08-2024T23:06:06 - [MESSAGE][PASSED] - Object: 'Object Repository/login_page/login_button' is clicked on

30-08-2024T23:06:06 - [TEST_STEP][PASSED] - verifyElementPresent(findTestObject("Object Repository/home_page/search_field"), 0): Object 'Object Repository/home_page/search_field' is present

30-08-2024T23:06:06 - [MESSAGE][WARNING] - Timeout '0' is invalid. Using default page load timeout: '30'

30-08-2024T23:06:10 - [MESSAGE][PASSED] - Object 'Object Repository/home_page/search_field' is present

30-08-2024T23:06:10 - [TEST_STEP][PASSED] - closeBrowser(): Browser is closed

30-08-2024T23:06:10 - [MESSAGE][PASSED] - Browser is closed]]></system-out>
         <system-err><![CDATA[]]></system-err>
      </testcase>
      <system-out><![CDATA[30-08-2024T23:05:42 - [TEST_SUITE][FAILED] - TS001_login: Test Cases/TC003_negativeLogin_emptyField FAILED.
Reason:
com.kms.katalon.core.exception.StepFailedException: Verify element text of test object 'Object Repository/login_page/errorLoginInvalidEmail_message' FAILED.
	at com.kms.katalon.core.webui.keyword.internal.WebUIKeywordMain.stepFailed(WebUIKeywordMain.groovy:117)
	at com.kms.katalon.core.webui.keyword.internal.WebUIKeywordMain.runKeyword(WebUIKeywordMain.groovy:43)
	at com.kms.katalon.core.webui.keyword.builtin.VerifyElementTextKeyword.verifyElementText(VerifyElementTextKeyword.groovy:72)
	at com.kms.katalon.core.webui.keyword.builtin.VerifyElementTextKeyword.execute(VerifyElementTextKeyword.groovy:40)
	at com.kms.katalon.core.keyword.internal.KeywordExecutor.executeKeywordForPlatform(KeywordExecutor.groovy:74)
	at com.kms.katalon.core.webui.keyword.WebUiBuiltInKeywords.verifyElementText(WebUiBuiltInKeywords.groovy:4835)
	at TC003_negativeLogin_emptyField.run(TC003_negativeLogin_emptyField:32)
	at com.kms.katalon.core.main.ScriptEngine.run(ScriptEngine.java:194)
	at com.kms.katalon.core.main.ScriptEngine.runScriptAsRawText(ScriptEngine.java:119)
	at com.kms.katalon.core.main.TestCaseExecutor.runScript(TestCaseExecutor.java:448)
	at com.kms.katalon.core.main.TestCaseExecutor.doExecute(TestCaseExecutor.java:439)
	at com.kms.katalon.core.main.TestCaseExecutor.processExecutionPhase(TestCaseExecutor.java:418)
	at com.kms.katalon.core.main.TestCaseExecutor.accessMainPhase(TestCaseExecutor.java:410)
	at com.kms.katalon.core.main.TestCaseExecutor.execute(TestCaseExecutor.java:285)
	at com.kms.katalon.core.common.CommonExecutor.accessTestCaseMainPhase(CommonExecutor.java:65)
	at com.kms.katalon.core.main.TestSuiteExecutor.accessTestSuiteMainPhase(TestSuiteExecutor.java:150)
	at com.kms.katalon.core.main.TestSuiteExecutor.execute(TestSuiteExecutor.java:106)
	at com.kms.katalon.core.main.TestCaseMain.startTestSuite(TestCaseMain.java:180)
	at TempTestSuite1725033941347.run(TempTestSuite1725033941347.groovy:35)
	at java.base/jdk.internal.reflect.NativeMethodAccessorImpl.invoke0(Native Method)
	at java.base/jdk.internal.reflect.NativeMethodAccessorImpl.invoke(NativeMethodAccessorImpl.java:77)
	at java.base/jdk.internal.reflect.DelegatingMethodAccessorImpl.invoke(DelegatingMethodAccessorImpl.java:43)
Caused by: com.kms.katalon.core.exception.StepFailedException: Actual text 'Find your account and log in.' and expected text '' of test object 'Object Repository/login_page/errorLoginInvalidEmail_message' are NOT matched.
	at com.kms.katalon.core.webui.keyword.internal.WebUIKeywordMain.stepFailed(WebUIKeywordMain.groovy:117)
	at com.kms.katalon.core.webui.keyword.builtin.VerifyElementTextKeyword$_verifyElementText_closure1.doCall(VerifyElementTextKeyword.groovy:57)
	at com.kms.katalon.core.webui.keyword.builtin.VerifyElementTextKeyword$_verifyElementText_closure1.call(VerifyElementTextKeyword.groovy)
	at com.kms.katalon.core.webui.keyword.internal.WebUIKeywordMain.runKeyword(WebUIKeywordMain.groovy:35)
	... 20 more]]></system-out>
      <system-err><![CDATA[30-08-2024T23:05:42 - [TEST_SUITE][FAILED] - TS001_login: Test Cases/TC003_negativeLogin_emptyField FAILED.
Reason:
com.kms.katalon.core.exception.StepFailedException: Verify element text of test object 'Object Repository/login_page/errorLoginInvalidEmail_message' FAILED.
	at com.kms.katalon.core.webui.keyword.internal.WebUIKeywordMain.stepFailed(WebUIKeywordMain.groovy:117)
	at com.kms.katalon.core.webui.keyword.internal.WebUIKeywordMain.runKeyword(WebUIKeywordMain.groovy:43)
	at com.kms.katalon.core.webui.keyword.builtin.VerifyElementTextKeyword.verifyElementText(VerifyElementTextKeyword.groovy:72)
	at com.kms.katalon.core.webui.keyword.builtin.VerifyElementTextKeyword.execute(VerifyElementTextKeyword.groovy:40)
	at com.kms.katalon.core.keyword.internal.KeywordExecutor.executeKeywordForPlatform(KeywordExecutor.groovy:74)
	at com.kms.katalon.core.webui.keyword.WebUiBuiltInKeywords.verifyElementText(WebUiBuiltInKeywords.groovy:4835)
	at TC003_negativeLogin_emptyField.run(TC003_negativeLogin_emptyField:32)
	at com.kms.katalon.core.main.ScriptEngine.run(ScriptEngine.java:194)
	at com.kms.katalon.core.main.ScriptEngine.runScriptAsRawText(ScriptEngine.java:119)
	at com.kms.katalon.core.main.TestCaseExecutor.runScript(TestCaseExecutor.java:448)
	at com.kms.katalon.core.main.TestCaseExecutor.doExecute(TestCaseExecutor.java:439)
	at com.kms.katalon.core.main.TestCaseExecutor.processExecutionPhase(TestCaseExecutor.java:418)
	at com.kms.katalon.core.main.TestCaseExecutor.accessMainPhase(TestCaseExecutor.java:410)
	at com.kms.katalon.core.main.TestCaseExecutor.execute(TestCaseExecutor.java:285)
	at com.kms.katalon.core.common.CommonExecutor.accessTestCaseMainPhase(CommonExecutor.java:65)
	at com.kms.katalon.core.main.TestSuiteExecutor.accessTestSuiteMainPhase(TestSuiteExecutor.java:150)
	at com.kms.katalon.core.main.TestSuiteExecutor.execute(TestSuiteExecutor.java:106)
	at com.kms.katalon.core.main.TestCaseMain.startTestSuite(TestCaseMain.java:180)
	at TempTestSuite1725033941347.run(TempTestSuite1725033941347.groovy:35)
	at java.base/jdk.internal.reflect.NativeMethodAccessorImpl.invoke0(Native Method)
	at java.base/jdk.internal.reflect.NativeMethodAccessorImpl.invoke(NativeMethodAccessorImpl.java:77)
	at java.base/jdk.internal.reflect.DelegatingMethodAccessorImpl.invoke(DelegatingMethodAccessorImpl.java:43)
Caused by: com.kms.katalon.core.exception.StepFailedException: Actual text 'Find your account and log in.' and expected text '' of test object 'Object Repository/login_page/errorLoginInvalidEmail_message' are NOT matched.
	at com.kms.katalon.core.webui.keyword.internal.WebUIKeywordMain.stepFailed(WebUIKeywordMain.groovy:117)
	at com.kms.katalon.core.webui.keyword.builtin.VerifyElementTextKeyword$_verifyElementText_closure1.doCall(VerifyElementTextKeyword.groovy:57)
	at com.kms.katalon.core.webui.keyword.builtin.VerifyElementTextKeyword$_verifyElementText_closure1.call(VerifyElementTextKeyword.groovy)
	at com.kms.katalon.core.webui.keyword.internal.WebUIKeywordMain.runKeyword(WebUIKeywordMain.groovy:35)
	... 20 more]]></system-err>
   </testsuite>
</testsuites>
